0 info it worked if it ends with ok
1 verbose cli [ '/Users/calvinwebster/.nvm/v0.10.32/bin/node',
1 verbose cli   '/Users/calvinwebster/.nvm/v0.10.32/bin/npm',
1 verbose cli   'install',
1 verbose cli   'marionette-dust' ]
2 info using npm@1.4.28
3 info using node@v0.10.32
4 warn package.json backbone-sandbox@1.0.0 No description
5 warn package.json backbone-sandbox@1.0.0 No README data
6 warn package.json path@0.4.9 path is also the name of a node core module.
7 verbose readDependencies using package.json deps
8 verbose cache add [ 'marionette-dust', null ]
9 verbose cache add name=undefined spec="marionette-dust" args=["marionette-dust",null]
10 verbose parsed url { protocol: null,
10 verbose parsed url   slashes: null,
10 verbose parsed url   auth: null,
10 verbose parsed url   host: null,
10 verbose parsed url   port: null,
10 verbose parsed url   hostname: null,
10 verbose parsed url   hash: null,
10 verbose parsed url   search: null,
10 verbose parsed url   query: null,
10 verbose parsed url   pathname: 'marionette-dust',
10 verbose parsed url   path: 'marionette-dust',
10 verbose parsed url   href: 'marionette-dust' }
11 silly lockFile 20d7cd18-marionette-dust marionette-dust
12 verbose lock marionette-dust /Users/calvinwebster/.npm/20d7cd18-marionette-dust.lock
13 silly lockFile 20d7cd18-marionette-dust marionette-dust
14 silly lockFile 20d7cd18-marionette-dust marionette-dust
15 verbose addNamed [ 'marionette-dust', '' ]
16 verbose addNamed [ null, '*' ]
17 silly lockFile 6b0cd3ee-marionette-dust marionette-dust@
18 verbose lock marionette-dust@ /Users/calvinwebster/.npm/6b0cd3ee-marionette-dust.lock
19 silly addNameRange { name: 'marionette-dust', range: '*', hasData: false }
20 verbose request where is /marionette-dust
21 verbose request registry https://registry.npmjs.org/
22 verbose request id d57e953e02e84da8
23 verbose url raw /marionette-dust
24 verbose url resolving [ 'https://registry.npmjs.org/', './marionette-dust' ]
25 verbose url resolved https://registry.npmjs.org/marionette-dust
26 verbose request where is https://registry.npmjs.org/marionette-dust
27 info trying registry request attempt 1 at 08:33:02
28 http GET https://registry.npmjs.org/marionette-dust
29 http 404 https://registry.npmjs.org/marionette-dust
30 verbose headers { date: 'Mon, 08 Dec 2014 13:33:21 GMT',
30 verbose headers   server: 'CouchDB/1.5.0 (Erlang OTP/R16B03)',
30 verbose headers   'content-type': 'application/json',
30 verbose headers   'cache-control': 'max-age=0',
30 verbose headers   'content-length': '52',
30 verbose headers   'accept-ranges': 'bytes',
30 verbose headers   via: '1.1 varnish',
30 verbose headers   age: '0',
30 verbose headers   'x-served-by': 'cache-ord1734-ORD',
30 verbose headers   'x-cache': 'MISS',
30 verbose headers   'x-cache-hits': '0',
30 verbose headers   'x-timer': 'S1418045600.759909,VS0,VE276',
30 verbose headers   'keep-alive': 'timeout=10, max=50',
30 verbose headers   connection: 'Keep-Alive' }
31 silly registry.get cb [ 404,
31 silly registry.get   { date: 'Mon, 08 Dec 2014 13:33:21 GMT',
31 silly registry.get     server: 'CouchDB/1.5.0 (Erlang OTP/R16B03)',
31 silly registry.get     'content-type': 'application/json',
31 silly registry.get     'cache-control': 'max-age=0',
31 silly registry.get     'content-length': '52',
31 silly registry.get     'accept-ranges': 'bytes',
31 silly registry.get     via: '1.1 varnish',
31 silly registry.get     age: '0',
31 silly registry.get     'x-served-by': 'cache-ord1734-ORD',
31 silly registry.get     'x-cache': 'MISS',
31 silly registry.get     'x-cache-hits': '0',
31 silly registry.get     'x-timer': 'S1418045600.759909,VS0,VE276',
31 silly registry.get     'keep-alive': 'timeout=10, max=50',
31 silly registry.get     connection: 'Keep-Alive' } ]
32 silly lockFile 6b0cd3ee-marionette-dust marionette-dust@
33 silly lockFile 6b0cd3ee-marionette-dust marionette-dust@
34 error 404 404 Not Found: marionette-dust
34 error 404
34 error 404 'marionette-dust' is not in the npm registry.
34 error 404 You should bug the author to publish it
34 error 404 It was specified as a dependency of 'backbone-sandbox'
34 error 404
34 error 404 Note that you can also install from a
34 error 404 tarball, folder, or http url, or git url.
35 error System Darwin 13.4.0
36 error command "/Users/calvinwebster/.nvm/v0.10.32/bin/node" "/Users/calvinwebster/.nvm/v0.10.32/bin/npm" "install" "marionette-dust"
37 error cwd /Users/calvinwebster/Desktop/bfClass/prep/marionette-dust-amd
38 error node -v v0.10.32
39 error npm -v 1.4.28
40 error code E404
41 verbose exit [ 1, true ]
